<?xml version="1.0" encoding="utf-8" standalone="no"?>
<test-run id="2" testcasecount="1" result="Failed" total="1" passed="0" failed="0" inconclusive="0" skipped="0" asserts="0" engine-version="3.9.0.0" clr-version="4.0.30319.42000" start-time="2018-12-07 14:35:27Z" end-time="2018-12-07 14:35:29Z" duration="1.993605">
  <command-line><![CDATA["C:\Program Files (x86)\NUnit.org\nunit-console\nunit3-console.exe"   UnitTestSeleniumP/bin/Debug/UnitTestSeleniumP.dll]]></command-line>
  <test-suite type="Assembly" id="0-1002" name="C:\Program Files (x86)\Jenkins\workspace\dll\UnitTestSeleniumP\bin\Debug\UnitTestSeleniumP.dll" fullname="C:\Program Files (x86)\Jenkins\workspace\dll\UnitTestSeleniumP\bin\Debug\UnitTestSeleniumP.dll" runstate="Runnable" testcasecount="1" result="Failed" duration="0.647557" total="1" passed="0" failed="0" inconclusive="0" skipped="0" asserts="0" site="Child">
    <properties>
      <property name="_PID" value="13408" />
      <property name="_APPDOMAIN" value="domain-" />
    </properties>
    <failure>
      <message><![CDATA[One or more child tests had errors]]></message>
    </failure>
    <test-suite type="Namespace" id="0-1003" name="UnitTestSeleniumP" fullname="UnitTestSeleniumP" runstate="Runnable" testcasecount="1" result="Failed" duration="0.634767" total="1" passed="0" failed="0" inconclusive="0" skipped="0" asserts="0" site="Child">
      <failure>
        <message><![CDATA[One or more child tests had errors]]></message>
      </failure>
      <test-suite type="TestFixture" id="0-1000" name="UntitledTestCase" fullname="UnitTestSeleniumP.UntitledTestCase" classname="UnitTestSeleniumP.UntitledTestCase" runstate="Runnable" testcasecount="1" result="Failed" duration="0.633357" total="1" passed="0" failed="0" inconclusive="0" skipped="0" asserts="0" site="SetUp">
        <failure>
          <message><![CDATA[One or more child tests had errors]]></message>
        </failure>
        <test-case id="0-1001" name="TheUntitledTestCaseTest" fullname="UnitTestSeleniumP.UntitledTestCase.TheUntitledTestCaseTest" methodname="TheUntitledTestCaseTest" classname="UnitTestSeleniumP.UntitledTestCase" runstate="Runnable" result="Failed" label="Error" duration="0.625147" asserts="1">
          <failure>
            <message><![CDATA[SetUp : OpenQA.Selenium.DriverServiceNotFoundException : The file D:\Msakem\driver\IEDriverServer_Win32_3.5.1\IEDriverServer.exe does not exist. The driver can be downloaded at http://selenium-release.storage.googleapis.com/index.html]]></message>
            <stack-trace><![CDATA[   à OpenQA.Selenium.DriverService..ctor(String servicePath, Int32 port, String driverServiceExecutableName, Uri driverServiceDownloadUrl)
   à OpenQA.Selenium.IE.InternetExplorerDriverService..ctor(String executablePath, String executableFileName, Int32 port)
   à OpenQA.Selenium.IE.InternetExplorerDriver..ctor(String internetExplorerDriverServerDirectory, InternetExplorerOptions options)
   à UnitTestSeleniumP.UntitledTestCase.SetupTest() dans y:\mes documents\visual studio 2015\Projects\UnitTestSeleniumP\UnitTestSeleniumP\UnitTest1.cs:ligne 31]]></stack-trace>
          </failure>
        </test-case>
      </test-suite>
    </test-suite>
  </test-suite>
</test-run>